Sources/tango/localization/build/outputs/apk/manifest-merger-debug-report.txt
-- Merging decision tree log ---
manifest
ADDED from AndroidManifest.xml:2:1
	xmlns:android
		ADDED from AndroidManifest.xml:2:11
	package
		ADDED from AndroidManifest.xml:3:7
	android:versionName
		ADDED from AndroidManifest.xml:5:7
		INJECTED from AndroidManifest.xml:0:0
		INJECTED from AndroidManifest.xml:0:0
	android:versionCode
		ADDED from AndroidManifest.xml:4:7
		INJECTED from AndroidManifest.xml:0:0
		INJECTED from AndroidManifest.xml:0:0
uses-sdk
ADDED from AndroidManifest.xml:6:5
MERGED from :TangoUX_VonMises_Java::22:5
MERGED from :TangoUtils::22:5
MERGED from org.ros.android_core:android_10:0.2.0:8:5
	android:targetSdkVersion
		ADDED from AndroidManifest.xml:8:9
		INJECTED from AndroidManifest.xml:0:0
		INJECTED from AndroidManifest.xml:0:0
	android:minSdkVersion
		ADDED from AndroidManifest.xml:7:9
		INJECTED from AndroidManifest.xml:0:0
		INJECTED from AndroidManifest.xml:0:0
uses-permission#android.permission.INTERNET
ADDED from AndroidManifest.xml:10:5
	android:name
		ADDED from AndroidManifest.xml:10:22
uses-permission#android.permission.WAKE_LOCK
ADDED from AndroidManifest.xml:11:5
MERGED from org.ros.android_core:android_10:0.2.0:15:5
	android:name
		ADDED from AndroidManifest.xml:11:22
uses-permission#android.permission.CAMERA
ADDED from AndroidManifest.xml:12:5
	android:name
		ADDED from AndroidManifest.xml:12:22
application
ADDED from AndroidManifest.xml:14:5
MERGED from :TangoUtils::26:5
MERGED from org.ros.android_core:android_10:0.2.0:18:5
	android:allowBackup
		ADDED from :TangoUtils::27:9
	android:label
		ADDED from AndroidManifest.xml:15:9
	android:icon
		ADDED from org.ros.android_core:android_10:0.2.0:19:9
	android:theme
		ADDED from :TangoUtils::29:9
activity#com.github.ros_java.tango.localization.MainActivity
ADDED from AndroidManifest.xml:16:9
	android:screenOrientation
		ADDED from AndroidManifest.xml:18:13
	android:label
		ADDED from AndroidManifest.xml:19:13
	android:name
		ADDED from AndroidManifest.xml:17:13
intent-filter#android.intent.action.MAIN+android.intent.category.LAUNCHER
ADDED from AndroidManifest.xml:20:13
action#android.intent.action.MAIN
ADDED from AndroidManifest.xml:21:17
	android:name
		ADDED from AndroidManifest.xml:21:25
category#android.intent.category.LAUNCHER
ADDED from AndroidManifest.xml:22:17
	android:name
		ADDED from AndroidManifest.xml:22:27
activity#org.ros.android.MasterChooser
ADDED from AndroidManifest.xml:25:9
MERGED from org.ros.android_core:android_10:0.2.0:21:9
	android:label
		ADDED from org.ros.android_core:android_10:0.2.0:23:13
	android:screenOrientation
		ADDED from AndroidManifest.xml:27:13
	android:name
		ADDED from AndroidManifest.xml:26:13
	android:launchMode
		ADDED from org.ros.android_core:android_10:0.2.0:24:13
uses-permission#android.permission.WRITE_EXTERNAL_STORAGE
ADDED from org.ros.android_core:android_10:0.2.0:12:5
	android:name
		ADDED from org.ros.android_core:android_10:0.2.0:12:22
uses-permission#android.permission.ACCESS_WIFI_STATE
ADDED from org.ros.android_core:android_10:0.2.0:13:5
	android:name
		ADDED from org.ros.android_core:android_10:0.2.0:13:22
uses-permission#android.permission.CHANGE_WIFI_STATE
ADDED from org.ros.android_core:android_10:0.2.0:14:5
	android:name
		ADDED from org.ros.android_core:android_10:0.2.0:14:22
uses-permission#android.permission.SYSTEM_ALERT_WINDOW
ADDED from org.ros.android_core:android_10:0.2.0:16:5
	android:name
		ADDED from org.ros.android_core:android_10:0.2.0:16:22
service#org.ros.android.NodeMainExecutorService
ADDED from org.ros.android_core:android_10:0.2.0:26:9
	android:name
		ADDED from org.ros.android_core:android_10:0.2.0:27:13
	tools:ignore
		ADDED from org.ros.android_core:android_10:0.2.0:28:13
intent-filter#org.ros.android.NodeMainExecutorService
ADDED from org.ros.android_core:android_10:0.2.0:29:13
action#org.ros.android.NodeMainExecutorService
ADDED from org.ros.android_core:android_10:0.2.0:30:17
	android:name
		ADDED from org.ros.android_core:android_10:0.2.0:30:25
android:uses-permission#android.permission.READ_EXTERNAL_STORAGE
IMPLIED from AndroidManifest.xml:2:1 reason: org.ros.android.android_10 requested WRITE_EXTERNAL_STORAGE